Removed Pin From Net: NetName=3V3 Pin=Q1-3
Removed Pin From Net: NetName=GND Pin=R5-1
Change Component Footprint: Designator=B1 Old Footprint=Battery New Footprint=MOLEX_430450227
Change Component Footprint: Designator=J1 Old Footprint=MOLEX_1050170002 New Footprint=MicroUSB B
Change Component Footprint: Designator=U1 Old Footprint=QFN40P600X600X90-49N New Footprint=nRf51822
Change Component Footprint: Designator=U4 Old Footprint=SOP127P600X175-9N New Footprint=tp4056
Change Component Footprint: Designator=LS1 Old Footprint=XDCR_SMT-0540-S-R New Footprint=SMT-0540-S-R
Change Component Comment : Designator=B1 Old Comment=3.7V 500mAh LiPo New Comment=Molex
Change Component Comment : Designator=R4 Old Comment=10K Ohms New Comment=10KO
Change Component Comment : Designator=R5 Old Comment=10K Ohms New Comment=10KO
Change Component Comment : Designator=R8 Old Comment=10 Ohms New Comment=10O
Change Component Comment : Designator=C2 Old Comment=Cap 0.1uF New Comment=0.1uF
Change Component Comment : Designator=C3 Old Comment=Cap 0.1uF New Comment=0.1uF
Change Component Comment : Designator=C1 Old Comment=Cap 4.7uF New Comment=4.7uF
Change Component Comment : Designator=SW Old Comment=SMD New Comment=Push Button
Change Component Comment : Designator=T3 Old Comment=TestPoint New Comment=TestPoint 3.3V
Change component parameters: Designator = "B1" ("B1"); Footprint = "Battery"; UniqueID = "\AFSJCCKK" ("\AFSJCCKK")
Change component parameters (AddParameter): Name = "Availability"; Value = "Unavailable"; VariantName = "[No Variations]"
Change component parameters (AddParameter): Name = "MF"; Value = ""; VariantName = "[No Variations]"
Change component parameters (AddParameter): Name = "MP"; Value = "430450227"; VariantName = "[No Variations]"
Change component parameters (AddParameter): Name = "Package"; Value = "None"; VariantName = "[No Variations]"
Change component parameters (AddParameter): Name = "Price"; Value = "None"; VariantName = "[No Variations]"
Change component parameters (AddParameter): Name = "Value"; Value = ""; VariantName = "[No Variations]"
Add Component: Footprint Not Found RESC2012X65N
Add Component: Footprint Not Found SW_MINI-SPDT-SW
Added Pin To Net: NetName=3V3 Pin=C1-1
Added Pin To Net: NetName=3V3 Pin=C2-1
Added Pin To Net: NetName=3V3 Pin=Q1-2
Added Pin To Net: NetName=3V3 Pin=R1-2
Add Pin To Net: Unknown Pin: Pin RP-1
Add Pin To Net: Unknown Pin: Pin S3-2
Added Pin To Net: NetName=3V3 Pin=T3-1
Added Pin To Net: NetName=GND Pin=U1-2
Added Pin To Net: NetName=3V3 Pin=U3-2
Added Pin To Net: NetName=NetQ1_3 Pin=Q1-3
Added Net: Name=NetQ1_3
Added Net: Name=NetRP_2
Added Pin To Net: NetName=NetU1_23 Pin=U1-23
Added Net: Name=NetU1_23
Add Class Member: Failed to add class member : Component RP 10kO
Add Class Member: Failed to add class member : Component S3 Switch Para Programar
