Removed Pin From Net: NetName=NetR3_2 Pin=U1-14
Removed Pin From Net: NetName=NetQ2_1 Pin=U1-16
Removed Pin From Net: NetName=NetD2_A Pin=U1-18
Removed Pin From Net: NetName=NetR7_2 Pin=U1-20
Added Component: Designator=D6(LED_KP-1608SURCK)
Add component (AddParameter): Name = "Check_prices"; Value = "https://www.snapeda.com/parts/KP-1608SURCK/Kingbright/view-part/?ref=eda"; VariantName = "[No Variations]"
Add component (AddParameter): Name = "MF"; Value = "Kingbright"; VariantName = "[No Variations]"
Add component (AddParameter): Name = "MP"; Value = "KP-1608SURCK"; VariantName = "[No Variations]"
Add component (AddParameter): Name = "Package"; Value = "0603 Kingbright"; VariantName = "[No Variations]"
Add component (AddParameter): Name = "SnapEDA_Link"; Value = "https://www.snapeda.com/parts/KP-1608SURCK/Kingbright/view-part/?ref=snap"; VariantName = "[No Variations]"
Add component (AddParameter): Name = "Value"; Value = ""; VariantName = "[No Variations]"
Added Component: Designator=R20(RESC1608X50N)
Add component (AddParameter): Name = "Availability"; Value = "Unavailable"; VariantName = "[No Variations]"
Add component (AddParameter): Name = "MF"; Value = ""; VariantName = "[No Variations]"
Add component (AddParameter): Name = "MP"; Value = "4-2176243-5"; VariantName = "[No Variations]"
Add component (AddParameter): Name = "Package"; Value = "None"; VariantName = "[No Variations]"
Add component (AddParameter): Name = "Price"; Value = "None"; VariantName = "[No Variations]"
Add component (AddParameter): Name = "Value"; Value = ""; VariantName = "[No Variations]"
Added Pin To Net: NetName=GND Pin=R20-1
Added Pin To Net: NetName=NetR3_2 Pin=U1-16
Added Pin To Net: NetName=NetQ2_1 Pin=U1-18
Added Pin To Net: NetName=NetD2_A Pin=U1-20
Added Pin To Net: NetName=NetR7_2 Pin=U1-22
Added Pin To Net: NetName=NetD6_1 Pin=D6-1
Added Pin To Net: NetName=NetD6_1 Pin=U1-14
Added Net: Name=NetD6_1
Added Pin To Net: NetName=NetD6_2 Pin=D6-2
Added Pin To Net: NetName=NetD6_2 Pin=R20-2
Added Net: Name=NetD6_2
Added Member To Class: ClassName=Sheet2 Member=Component D6 LED Test
Added Member To Class: ClassName=Sheet2 Member=Component R20 330 Ohms
Added Member To Class: ClassName=Sheet2 Member=Component U3 TP4056
