Removed Pin From Net: NetName=NetC12_1 Pin=C13-1
Removed Pin From Net: NetName=GND Pin=C13-2
Removed Member From Class: ClassName=FinalSchematic Member=C13
Change Component DesignItemId : Designator=D1 Old DesignItemId=1N4004 New DesignItemId=1N4148WS
Change Component DesignItemId : Designator=D2 Old DesignItemId=1N4004 New DesignItemId=1N4148WS
Change Component DesignItemId : Designator=D3 Old DesignItemId=1N4004 New DesignItemId=1N4148WS
Change Component DesignItemId : Designator=R1 Old DesignItemId=CRS1206-FX-1004ELF New DesignItemId=RES 0603
Change Component DesignItemId : Designator=R6 Old DesignItemId=CRS1206-FX-1004ELF New DesignItemId=RES 0603
Change Component DesignItemId : Designator=R2 Old DesignItemId=RC1206JR-07220RL New DesignItemId=RES 0603
Change Component Footprint: Designator=D1 Old Footprint=DIOM4330X250N New Footprint=1N4148WS
Change Component Footprint: Designator=D2 Old Footprint=DIOM4330X250N New Footprint=1N4148WS
Change Component Footprint: Designator=D3 Old Footprint=DIOM4330X250N New Footprint=1N4148WS
Change Component Footprint: Designator=R1 Old Footprint=RESC3116X65N New Footprint=RESC1608X50N
Change Component Footprint: Designator=R2 Old Footprint=RESC3116X65N New Footprint=RESC1608X50N
Change Component Footprint: Designator=R6 Old Footprint=RESC3116X65N New Footprint=RESC1608X50N
Change Component Comment : Designator=R6 Old Comment=1M Ohms New Comment=1MO
Change Component Comment : Designator=D1 Old Comment=1N4004 New Comment=1N4148WS
Change Component Comment : Designator=D2 Old Comment=1N4004 New Comment=1N4148WS
Change Component Comment : Designator=D3 Old Comment=1N4004 New Comment=1N4148WS
Change Component Comment : Designator=R1 Old Comment=10K Ohms New Comment=10kO
Change Component Comment : Designator=R2 Old Comment=10K Ohms New Comment=10kO
Change Component Comment : Designator=R17 Old Comment=RPROG New Comment=1.2kO
Change Component Description : Designator=D1 Old Description=1A, 50V - 1000V Fast Surface Mount Rectifier New Description=1N4148WS, SOD-323F, 100V, 0,15A, 150°C
Change Component Description : Designator=D2 Old Description=1A, 50V - 1000V Fast Surface Mount Rectifier New Description=1N4148WS, SOD-323F, 100V, 0,15A, 150°C
Change Component Description : Designator=D3 Old Description=1A, 50V - 1000V Fast Surface Mount Rectifier New Description=1N4148WS, SOD-323F, 100V, 0,15A, 150°C
Change Component Description : Designator=R14 Old Description=220 Ohms Â±5% 0.25W, 1/4W Chip Resistor 1206 (3216 Metric) Thick Film New Description=0.4O Â±5% 0.25W, 1/4W Chip Resistor 1206 (3216 Metric) Thick Film
Change Component Description : Designator=R2 Old Description=220 Ohms Â±5% 0.25W, 1/4W Chip Resistor 1206 (3216 Metric) Thick Film New Description=10kO 0603 Chip Resistor
Change Component Description : Designator=C7 Old Description=CAP 0603 0.1uF New Description=CAP 0603 1uF
Change Component Description : Designator=DR Old Description=LED; SMD; 0603; red; 50-150mcd; 1.6x0.8mm; 120Â°; 20mA; New Description=LED 0603 SMD Red
Change Component Description : Designator=DG Old Description=LED; SMD; 0603; red; 50-150mcd; 1.6x0.8mm; 120Â°; 20mA; New Description=LED 0603 SMD White
Change Component Description : Designator=R17 Old Description=RES 0603 New Description=1.2kO 0603 Chip Resistor
Change Component Description : Designator=R15 Old Description=RES 0603 New Description=1kO 0603 Chip Resistor
Change Component Description : Designator=R16 Old Description=RES 0603 New Description=1kO 0603 Chip Resistor
Change Component Description : Designator=R6 Old Description=RESISTOR, THICK FILM, 1M, 1%, 1206 New Description=1MO 0603 Chip Resistor
Change Component Description : Designator=R1 Old Description=RESISTOR, THICK FILM, 1M, 1%, 1206 New Description=10kO 0603 Chip Resistor
Change Component Description : Designator=C1 Old Description=SMD Capacitor X7R(EIA) with Capacitance: 0.10uF Tol. 10%. Rated Voltage: 50Vdc New Description=SMD Capacitor X7R(EIA) with Capacitance: 4.7uF Tol. 10%. Rated Voltage: 50Vdc
Change Component Description : Designator=C5 Old Description=SMD Capacitor X7R(EIA) with Capacitance: 0.10uF Tol. 10%. Rated Voltage: 50Vdc New Description=SMD Capacitor X7R(EIA) with Capacitance: 10uF Tol. 10%. Rated Voltage: 50Vdc
Change Component Description : Designator=C6 Old Description=SMD Capacitor X7R(EIA) with Capacitance: 0.10uF Tol. 10%. Rated Voltage: 50Vdc New Description=SMD Capacitor X7R(EIA) with Capacitance: 10uF Tol. 10%. Rated Voltage: 50Vdc
Change component parameters: Designator = "D1" ("D1"); Footprint = "DIOM4330X250N"; UniqueID = "\BGKFRYBU" ("\BGKFRYBU")
Change component parameters (AddParameter): Name = "Check_prices"; Value = "https://www.snapeda.com/parts/1N4148WS/Diotec/view-part/?ref=eda"; VariantName = "[No Variations]"
Change component parameters (AddParameter): Name = "MF"; Value = "Diotec Semiconductor"; VariantName = "[No Variations]"
Change component parameters (AddParameter): Name = "MP"; Value = "1N4148WS"; VariantName = "[No Variations]"
Change component parameters (AddParameter): Name = "Package"; Value = "SOD-323F Diotec"; VariantName = "[No Variations]"
Change component parameters (AddParameter): Name = "SnapEDA_Link"; Value = "https://www.snapeda.com/parts/1N4148WS/Diotec/view-part/?ref=snap"; VariantName = "[No Variations]"
Change component parameters (AddParameter): Name = "Value"; Value = ""; VariantName = "[No Variations]"
Change component parameters: Designator = "D2" ("D2"); Footprint = "DIOM4330X250N"; UniqueID = "\VMNYLBYR" ("\VMNYLBYR")
Change component parameters (AddParameter): Name = "Check_prices"; Value = "https://www.snapeda.com/parts/1N4148WS/Diotec/view-part/?ref=eda"; VariantName = "[No Variations]"
Change component parameters (AddParameter): Name = "MF"; Value = "Diotec Semiconductor"; VariantName = "[No Variations]"
Change component parameters (AddParameter): Name = "MP"; Value = "1N4148WS"; VariantName = "[No Variations]"
Change component parameters (AddParameter): Name = "Package"; Value = "SOD-323F Diotec"; VariantName = "[No Variations]"
Change component parameters (AddParameter): Name = "SnapEDA_Link"; Value = "https://www.snapeda.com/parts/1N4148WS/Diotec/view-part/?ref=snap"; VariantName = "[No Variations]"
Change component parameters (AddParameter): Name = "Value"; Value = ""; VariantName = "[No Variations]"
Change component parameters: Designator = "D3" ("D3"); Footprint = "DIOM4330X250N"; UniqueID = "\SLTCRHAW" ("\SLTCRHAW")
Change component parameters (AddParameter): Name = "Check_prices"; Value = "https://www.snapeda.com/parts/1N4148WS/Diotec/view-part/?ref=eda"; VariantName = "[No Variations]"
Change component parameters (AddParameter): Name = "MF"; Value = "Diotec Semiconductor"; VariantName = "[No Variations]"
Change component parameters (AddParameter): Name = "MP"; Value = "1N4148WS"; VariantName = "[No Variations]"
Change component parameters (AddParameter): Name = "Package"; Value = "SOD-323F Diotec"; VariantName = "[No Variations]"
Change component parameters (AddParameter): Name = "SnapEDA_Link"; Value = "https://www.snapeda.com/parts/1N4148WS/Diotec/view-part/?ref=snap"; VariantName = "[No Variations]"
Change component parameters (AddParameter): Name = "Value"; Value = ""; VariantName = "[No Variations]"
Change component parameters: Designator = "R1" ("R1"); Footprint = "RESC3116X65N"; UniqueID = "\RWWQWETA" ("\RWWQWETA")
Change component parameters (AddParameter): Name = "Availability"; Value = "Unavailable"; VariantName = "[No Variations]"
Change component parameters (AddParameter): Name = "MF"; Value = ""; VariantName = "[No Variations]"
Change component parameters (AddParameter): Name = "MP"; Value = "4-2176243-5"; VariantName = "[No Variations]"
Change component parameters (AddParameter): Name = "Package"; Value = "None"; VariantName = "[No Variations]"
Change component parameters (AddParameter): Name = "Price"; Value = "None"; VariantName = "[No Variations]"
Change component parameters (AddParameter): Name = "Value"; Value = ""; VariantName = "[No Variations]"
Change component parameters: Designator = "R2" ("R2"); Footprint = "RESC3116X65N"; UniqueID = "\HCZOGVTX" ("\HCZOGVTX")
Change component parameters (AddParameter): Name = "Availability"; Value = "Unavailable"; VariantName = "[No Variations]"
Change component parameters (AddParameter): Name = "MF"; Value = ""; VariantName = "[No Variations]"
Change component parameters (AddParameter): Name = "MP"; Value = "4-2176243-5"; VariantName = "[No Variations]"
Change component parameters (AddParameter): Name = "Package"; Value = "None"; VariantName = "[No Variations]"
Change component parameters (AddParameter): Name = "Price"; Value = "None"; VariantName = "[No Variations]"
Change component parameters (AddParameter): Name = "Value"; Value = ""; VariantName = "[No Variations]"
Change component parameters: Designator = "R6" ("R6"); Footprint = "RESC3116X65N"; UniqueID = "\BJMSQQWG" ("\BJMSQQWG")
Change component parameters (AddParameter): Name = "Availability"; Value = "Unavailable"; VariantName = "[No Variations]"
Change component parameters (AddParameter): Name = "MF"; Value = ""; VariantName = "[No Variations]"
Change component parameters (AddParameter): Name = "MP"; Value = "4-2176243-5"; VariantName = "[No Variations]"
Change component parameters (AddParameter): Name = "Package"; Value = "None"; VariantName = "[No Variations]"
Change component parameters (AddParameter): Name = "Price"; Value = "None"; VariantName = "[No Variations]"
Change component parameters (AddParameter): Name = "Value"; Value = ""; VariantName = "[No Variations]"
